{"/Users/macbookprom1pro/Documents/Project/ai-commit/src/config.ts": {"path":"/Users/macbookprom1pro/Documents/Project/ai-commit/src/config.ts","statementMap":{"0":{"start":{"line":4,"column":0},"end":{"line":4,"column":null}},"1":{"start":{"line":6,"column":13},"end":{"line":6,"column":null}},"2":{"start":{"line":11,"column":35},"end":{"line":11,"column":null}},"3":{"start":{"line":17,"column":29},"end":{"line":17,"column":null}}},"fnMap":{},"branchMap":{"0":{"loc":{"start":{"line":11,"column":35},"end":{"line":11,"column":null}},"type":"binary-expr","locations":[{"start":{"line":11,"column":35},"end":{"line":11,"column":53}},{"start":{"line":11,"column":53},"end":{"line":11,"column":88}},{"start":{"line":11,"column":88},"end":{"line":11,"column":null}}],"line":11},"1":{"loc":{"start":{"line":17,"column":29},"end":{"line":17,"column":null}},"type":"binary-expr","locations":[{"start":{"line":17,"column":29},"end":{"line":17,"column":44}},{"start":{"line":17,"column":44},"end":{"line":17,"column":76}},{"start":{"line":17,"column":76},"end":{"line":17,"column":null}}],"line":17}},"s":{"0":3,"1":3,"2":3,"3":3},"f":{},"b":{"0":[3,2,1],"1":[3,3,2]},"meta":{"lastBranch":2,"lastFunction":0,"lastStatement":4,"seen":{"s:4:0:4:Infinity":0,"s:6:13:6:Infinity":1,"s:11:35:11:Infinity":2,"b:11:35:11:53:11:53:11:88:11:88:11:Infinity":0,"s:17:29:17:Infinity":3,"b:17:29:17:44:17:44:17:76:17:76:17:Infinity":1}}}
,"/Users/macbookprom1pro/Documents/Project/ai-commit/src/helpers.ts": {"path":"/Users/macbookprom1pro/Documents/Project/ai-commit/src/helpers.ts","statementMap":{"0":{"start":{"line":8,"column":6},"end":{"line":33,"column":null}},"1":{"start":{"line":9,"column":15},"end":{"line":9,"column":null}},"2":{"start":{"line":10,"column":23},"end":{"line":10,"column":null}},"3":{"start":{"line":12,"column":2},"end":{"line":31,"column":null}},"4":{"start":{"line":12,"column":15},"end":{"line":12,"column":18}},"5":{"start":{"line":13,"column":16},"end":{"line":13,"column":null}},"6":{"start":{"line":16,"column":4},"end":{"line":30,"column":null}},"7":{"start":{"line":17,"column":27},"end":{"line":17,"column":null}},"8":{"start":{"line":18,"column":6},"end":{"line":18,"column":null}},"9":{"start":{"line":20,"column":18},"end":{"line":20,"column":null}},"10":{"start":{"line":21,"column":22},"end":{"line":21,"column":null}},"11":{"start":{"line":24,"column":6},"end":{"line":29,"column":null}},"12":{"start":{"line":25,"column":8},"end":{"line":25,"column":null}},"13":{"start":{"line":27,"column":8},"end":{"line":27,"column":null}},"14":{"start":{"line":28,"column":8},"end":{"line":28,"column":null}},"15":{"start":{"line":32,"column":2},"end":{"line":32,"column":null}},"16":{"start":{"line":36,"column":6},"end":{"line":43,"column":null}},"17":{"start":{"line":37,"column":2},"end":{"line":42,"column":null}},"18":{"start":{"line":38,"column":10},"end":{"line":38,"column":null}},"19":{"start":{"line":39,"column":4},"end":{"line":39,"column":null}},"20":{"start":{"line":41,"column":4},"end":{"line":41,"column":null}},"21":{"start":{"line":46,"column":2},"end":{"line":49,"column":null}},"22":{"start":{"line":52,"column":40},"end":{"line":52,"column":null}},"23":{"start":{"line":53,"column":41},"end":{"line":53,"column":null}},"24":{"start":{"line":56,"column":21},"end":{"line":56,"column":null}},"25":{"start":{"line":57,"column":20},"end":{"line":57,"column":null}},"26":{"start":{"line":58,"column":6},"end":{"line":58,"column":null}},"27":{"start":{"line":59,"column":19},"end":{"line":59,"column":null}},"28":{"start":{"line":61,"column":2},"end":{"line":63,"column":null}},"29":{"start":{"line":62,"column":4},"end":{"line":62,"column":null}},"30":{"start":{"line":65,"column":2},"end":{"line":65,"column":null}},"31":{"start":{"line":68,"column":2},"end":{"line":83,"column":null}},"32":{"start":{"line":69,"column":4},"end":{"line":69,"column":null}},"33":{"start":{"line":72,"column":27},"end":{"line":72,"column":null}},"34":{"start":{"line":73,"column":29},"end":{"line":73,"column":null}},"35":{"start":{"line":75,"column":4},"end":{"line":75,"column":null}},"36":{"start":{"line":76,"column":4},"end":{"line":76,"column":null}},"37":{"start":{"line":78,"column":4},"end":{"line":82,"column":null}},"38":{"start":{"line":80,"column":6},"end":{"line":80,"column":null}},"39":{"start":{"line":81,"column":6},"end":{"line":81,"column":null}},"40":{"start":{"line":85,"column":2},"end":{"line":85,"column":null}},"41":{"start":{"line":86,"column":2},"end":{"line":86,"column":null}}},"fnMap":{"0":{"name":"(anonymous_0)","decl":{"start":{"line":8,"column":6},"end":{"line":8,"column":28}},"loc":{"start":{"line":8,"column":28},"end":{"line":33,"column":null}},"line":8},"1":{"name":"(anonymous_1)","decl":{"start":{"line":36,"column":6},"end":{"line":36,"column":42}},"loc":{"start":{"line":36,"column":42},"end":{"line":43,"column":null}},"line":36},"2":{"name":"stripEmoji","decl":{"start":{"line":45,"column":9},"end":{"line":45,"column":20}},"loc":{"start":{"line":45,"column":43},"end":{"line":50,"column":null}},"line":45},"3":{"name":"processGitDiff","decl":{"start":{"line":55,"column":9},"end":{"line":55,"column":24}},"loc":{"start":{"line":55,"column":49},"end":{"line":87,"column":null}},"line":55}},"branchMap":{"0":{"loc":{"start":{"line":16,"column":4},"end":{"line":30,"column":null}},"type":"if","locations":[{"start":{"line":16,"column":4},"end":{"line":30,"column":null}},{"start":{"line":19,"column":11},"end":{"line":30,"column":null}}],"line":16},"1":{"loc":{"start":{"line":24,"column":6},"end":{"line":29,"column":null}},"type":"if","locations":[{"start":{"line":24,"column":6},"end":{"line":29,"column":null}},{"start":{"line":26,"column":13},"end":{"line":29,"column":null}}],"line":24},"2":{"loc":{"start":{"line":24,"column":10},"end":{"line":24,"column":56}},"type":"binary-expr","locations":[{"start":{"line":24,"column":10},"end":{"line":24,"column":33}},{"start":{"line":24,"column":33},"end":{"line":24,"column":56}}],"line":24},"3":{"loc":{"start":{"line":61,"column":2},"end":{"line":63,"column":null}},"type":"if","locations":[{"start":{"line":61,"column":2},"end":{"line":63,"column":null}},{"start":{},"end":{}}],"line":61},"4":{"loc":{"start":{"line":68,"column":9},"end":{"line":68,"column":63}},"type":"binary-expr","locations":[{"start":{"line":68,"column":9},"end":{"line":68,"column":39}},{"start":{"line":68,"column":39},"end":{"line":68,"column":63}}],"line":68},"5":{"loc":{"start":{"line":78,"column":4},"end":{"line":82,"column":null}},"type":"if","locations":[{"start":{"line":78,"column":4},"end":{"line":82,"column":null}},{"start":{},"end":{}}],"line":78}},"s":{"0":4,"1":4,"2":4,"3":4,"4":4,"5":4,"6":4,"7":2,"8":2,"9":2,"10":2,"11":2,"12":1,"13":1,"14":1,"15":4,"16":4,"17":2,"18":2,"19":2,"20":1,"21":10,"22":4,"23":4,"24":3,"25":3,"26":3,"27":3,"28":3,"29":1,"30":2,"31":2,"32":7,"33":7,"34":7,"35":7,"36":7,"37":7,"38":1,"39":1,"40":2,"41":2},"f":{"0":4,"1":2,"2":10,"3":3},"b":{"0":[2,2],"1":[1,1],"2":[2,2],"3":[1,2],"4":[2,7],"5":[1,6]},"meta":{"lastBranch":6,"lastFunction":4,"lastStatement":42,"seen":{"s:8:6:33:Infinity":0,"f:8:6:8:28":0,"s:9:15:9:Infinity":1,"s:10:23:10:Infinity":2,"s:12:2:31:Infinity":3,"s:12:15:12:18":4,"s:13:16:13:Infinity":5,"b:16:4:30:Infinity:19:11:30:Infinity":0,"s:16:4:30:Infinity":6,"s:17:27:17:Infinity":7,"s:18:6:18:Infinity":8,"s:20:18:20:Infinity":9,"s:21:22:21:Infinity":10,"b:24:6:29:Infinity:26:13:29:Infinity":1,"s:24:6:29:Infinity":11,"b:24:10:24:33:24:33:24:56":2,"s:25:8:25:Infinity":12,"s:27:8:27:Infinity":13,"s:28:8:28:Infinity":14,"s:32:2:32:Infinity":15,"s:36:6:43:Infinity":16,"f:36:6:36:42":1,"s:37:2:42:Infinity":17,"s:38:10:38:Infinity":18,"s:39:4:39:Infinity":19,"s:41:4:41:Infinity":20,"f:45:9:45:20":2,"s:46:2:49:Infinity":21,"s:52:40:52:Infinity":22,"s:53:41:53:Infinity":23,"f:55:9:55:24":3,"s:56:21:56:Infinity":24,"s:57:20:57:Infinity":25,"s:58:6:58:Infinity":26,"s:59:19:59:Infinity":27,"b:61:2:63:Infinity:undefined:undefined:undefined:undefined":3,"s:61:2:63:Infinity":28,"s:62:4:62:Infinity":29,"s:65:2:65:Infinity":30,"s:68:2:83:Infinity":31,"b:68:9:68:39:68:39:68:63":4,"s:69:4:69:Infinity":32,"s:72:27:72:Infinity":33,"s:73:29:73:Infinity":34,"s:75:4:75:Infinity":35,"s:76:4:76:Infinity":36,"b:78:4:82:Infinity:undefined:undefined:undefined:undefined":5,"s:78:4:82:Infinity":37,"s:80:6:80:Infinity":38,"s:81:6:81:Infinity":39,"s:85:2:85:Infinity":40,"s:86:2:86:Infinity":41}}}
,"/Users/macbookprom1pro/Documents/Project/ai-commit/src/ollama.ts": {"path":"/Users/macbookprom1pro/Documents/Project/ai-commit/src/ollama.ts","statementMap":{"0":{"start":{"line":1,"column":22},"end":{"line":1,"column":null}},"1":{"start":{"line":35,"column":15},"end":{"line":99,"column":null}},"2":{"start":{"line":40,"column":16},"end":{"line":40,"column":null}},"3":{"start":{"line":41,"column":21},"end":{"line":44,"column":null}},"4":{"start":{"line":45,"column":17},"end":{"line":45,"column":null}},"5":{"start":{"line":47,"column":4},"end":{"line":47,"column":null}},"6":{"start":{"line":49,"column":4},"end":{"line":67,"column":null}},"7":{"start":{"line":51,"column":30},"end":{"line":55,"column":null}},"8":{"start":{"line":56,"column":33},"end":{"line":56,"column":null}},"9":{"start":{"line":58,"column":6},"end":{"line":58,"column":null}},"10":{"start":{"line":59,"column":21},"end":{"line":59,"column":null}},"11":{"start":{"line":61,"column":6},"end":{"line":61,"column":null}},"12":{"start":{"line":62,"column":6},"end":{"line":62,"column":null}},"13":{"start":{"line":65,"column":6},"end":{"line":65,"column":null}},"14":{"start":{"line":66,"column":6},"end":{"line":66,"column":null}},"15":{"start":{"line":72,"column":17},"end":{"line":72,"column":null}},"16":{"start":{"line":73,"column":4},"end":{"line":73,"column":null}},"17":{"start":{"line":74,"column":4},"end":{"line":74,"column":null}},"18":{"start":{"line":74,"column":20},"end":{"line":74,"column":null}},"19":{"start":{"line":75,"column":4},"end":{"line":75,"column":null}},"20":{"start":{"line":75,"column":33},"end":{"line":75,"column":null}},"21":{"start":{"line":76,"column":4},"end":{"line":76,"column":null}},"22":{"start":{"line":78,"column":4},"end":{"line":78,"column":null}},"23":{"start":{"line":85,"column":17},"end":{"line":85,"column":null}},"24":{"start":{"line":86,"column":4},"end":{"line":86,"column":null}},"25":{"start":{"line":87,"column":4},"end":{"line":87,"column":null}},"26":{"start":{"line":88,"column":4},"end":{"line":88,"column":null}},"27":{"start":{"line":88,"column":20},"end":{"line":88,"column":null}},"28":{"start":{"line":89,"column":4},"end":{"line":89,"column":null}},"29":{"start":{"line":89,"column":33},"end":{"line":89,"column":null}},"30":{"start":{"line":90,"column":4},"end":{"line":90,"column":null}},"31":{"start":{"line":92,"column":4},"end":{"line":92,"column":null}},"32":{"start":{"line":97,"column":4},"end":{"line":97,"column":null}}},"fnMap":{"0":{"name":"(anonymous_0)","decl":{"start":{"line":39,"column":15},"end":{"line":39,"column":22}},"loc":{"start":{"line":39,"column":108},"end":{"line":68,"column":null}},"line":39},"1":{"name":"(anonymous_1)","decl":{"start":{"line":71,"column":2},"end":{"line":71,"column":29}},"loc":{"start":{"line":71,"column":120},"end":{"line":79,"column":null}},"line":71},"2":{"name":"(anonymous_2)","decl":{"start":{"line":81,"column":2},"end":{"line":81,"column":null}},"loc":{"start":{"line":84,"column":15},"end":{"line":93,"column":null}},"line":84},"3":{"name":"(anonymous_3)","decl":{"start":{"line":95,"column":2},"end":{"line":95,"column":14}},"loc":{"start":{"line":95,"column":86},"end":{"line":98,"column":null}},"line":95}},"branchMap":{"0":{"loc":{"start":{"line":39,"column":47},"end":{"line":39,"column":108}},"type":"default-arg","locations":[{"start":{"line":39,"column":55},"end":{"line":39,"column":108}}],"line":39},"1":{"loc":{"start":{"line":74,"column":4},"end":{"line":74,"column":null}},"type":"if","locations":[{"start":{"line":74,"column":4},"end":{"line":74,"column":null}},{"start":{},"end":{}}],"line":74},"2":{"loc":{"start":{"line":75,"column":4},"end":{"line":75,"column":null}},"type":"if","locations":[{"start":{"line":75,"column":4},"end":{"line":75,"column":null}},{"start":{},"end":{}}],"line":75},"3":{"loc":{"start":{"line":88,"column":4},"end":{"line":88,"column":null}},"type":"if","locations":[{"start":{"line":88,"column":4},"end":{"line":88,"column":null}},{"start":{},"end":{}}],"line":88},"4":{"loc":{"start":{"line":89,"column":4},"end":{"line":89,"column":null}},"type":"if","locations":[{"start":{"line":89,"column":4},"end":{"line":89,"column":null}},{"start":{},"end":{}}],"line":89},"5":{"loc":{"start":{"line":95,"column":24},"end":{"line":95,"column":43}},"type":"default-arg","locations":[{"start":{"line":95,"column":40},"end":{"line":95,"column":43}}],"line":95}},"s":{"0":1,"1":1,"2":3,"3":3,"4":3,"5":3,"6":3,"7":3,"8":2,"9":1,"10":1,"11":1,"12":1,"13":2,"14":2,"15":1,"16":1,"17":1,"18":1,"19":1,"20":0,"21":1,"22":1,"23":1,"24":1,"25":1,"26":1,"27":0,"28":1,"29":0,"30":1,"31":1,"32":1},"f":{"0":3,"1":1,"2":1,"3":1},"b":{"0":[3],"1":[1,0],"2":[0,1],"3":[0,1],"4":[0,1],"5":[1]},"meta":{"lastBranch":6,"lastFunction":4,"lastStatement":33,"seen":{"s:1:22:1:Infinity":0,"s:35:15:99:Infinity":1,"f:39:15:39:22":0,"b:39:55:39:108":0,"s:40:16:40:Infinity":2,"s:41:21:44:Infinity":3,"s:45:17:45:Infinity":4,"s:47:4:47:Infinity":5,"s:49:4:67:Infinity":6,"s:51:30:55:Infinity":7,"s:56:33:56:Infinity":8,"s:58:6:58:Infinity":9,"s:59:21:59:Infinity":10,"s:61:6:61:Infinity":11,"s:62:6:62:Infinity":12,"s:65:6:65:Infinity":13,"s:66:6:66:Infinity":14,"f:71:2:71:29":1,"s:72:17:72:Infinity":15,"s:73:4:73:Infinity":16,"b:74:4:74:Infinity:undefined:undefined:undefined:undefined":1,"s:74:4:74:Infinity":17,"s:74:20:74:Infinity":18,"b:75:4:75:Infinity:undefined:undefined:undefined:undefined":2,"s:75:4:75:Infinity":19,"s:75:33:75:Infinity":20,"s:76:4:76:Infinity":21,"s:78:4:78:Infinity":22,"f:81:2:81:Infinity":2,"s:85:17:85:Infinity":23,"s:86:4:86:Infinity":24,"s:87:4:87:Infinity":25,"b:88:4:88:Infinity:undefined:undefined:undefined:undefined":3,"s:88:4:88:Infinity":26,"s:88:20:88:Infinity":27,"b:89:4:89:Infinity:undefined:undefined:undefined:undefined":4,"s:89:4:89:Infinity":28,"s:89:33:89:Infinity":29,"s:90:4:90:Infinity":30,"s:92:4:92:Infinity":31,"f:95:2:95:14":3,"b:95:40:95:43":5,"s:97:4:97:Infinity":32}}}
,"/Users/macbookprom1pro/Documents/Project/ai-commit/src/openai.ts": {"path":"/Users/macbookprom1pro/Documents/Project/ai-commit/src/openai.ts","statementMap":{"0":{"start":{"line":5,"column":41},"end":{"line":5,"column":null}},"1":{"start":{"line":6,"column":43},"end":{"line":6,"column":null}},"2":{"start":{"line":7,"column":48},"end":{"line":7,"column":null}},"3":{"start":{"line":30,"column":15},"end":{"line":106,"column":null}},"4":{"start":{"line":32,"column":16},"end":{"line":38,"column":null}},"5":{"start":{"line":39,"column":21},"end":{"line":39,"column":null}},"6":{"start":{"line":41,"column":4},"end":{"line":41,"column":null}},"7":{"start":{"line":45,"column":25},"end":{"line":45,"column":null}},"8":{"start":{"line":55,"column":17},"end":{"line":55,"column":null}},"9":{"start":{"line":56,"column":4},"end":{"line":56,"column":null}},"10":{"start":{"line":57,"column":4},"end":{"line":57,"column":null}},"11":{"start":{"line":57,"column":20},"end":{"line":57,"column":null}},"12":{"start":{"line":58,"column":4},"end":{"line":58,"column":null}},"13":{"start":{"line":58,"column":33},"end":{"line":58,"column":null}},"14":{"start":{"line":59,"column":4},"end":{"line":59,"column":null}},"15":{"start":{"line":61,"column":4},"end":{"line":61,"column":null}},"16":{"start":{"line":65,"column":25},"end":{"line":65,"column":null}},"17":{"start":{"line":75,"column":17},"end":{"line":75,"column":null}},"18":{"start":{"line":76,"column":4},"end":{"line":76,"column":null}},"19":{"start":{"line":77,"column":4},"end":{"line":77,"column":null}},"20":{"start":{"line":78,"column":4},"end":{"line":78,"column":null}},"21":{"start":{"line":78,"column":20},"end":{"line":78,"column":null}},"22":{"start":{"line":79,"column":4},"end":{"line":79,"column":null}},"23":{"start":{"line":79,"column":33},"end":{"line":79,"column":null}},"24":{"start":{"line":80,"column":4},"end":{"line":80,"column":null}},"25":{"start":{"line":82,"column":4},"end":{"line":82,"column":null}},"26":{"start":{"line":86,"column":10},"end":{"line":86,"column":null}},"27":{"start":{"line":87,"column":17},"end":{"line":87,"column":null}},"28":{"start":{"line":89,"column":4},"end":{"line":100,"column":null}},"29":{"start":{"line":90,"column":8},"end":{"line":90,"column":null}},"30":{"start":{"line":91,"column":28},"end":{"line":98,"column":null}},"31":{"start":{"line":99,"column":8},"end":{"line":99,"column":null}},"32":{"start":{"line":99,"column":30},"end":{"line":99,"column":null}},"33":{"start":{"line":102,"column":4},"end":{"line":102,"column":null}}},"fnMap":{"0":{"name":"(anonymous_0)","decl":{"start":{"line":31,"column":15},"end":{"line":31,"column":22}},"loc":{"start":{"line":31,"column":96},"end":{"line":42,"column":null}},"line":31},"1":{"name":"(anonymous_1)","decl":{"start":{"line":44,"column":2},"end":{"line":44,"column":29}},"loc":{"start":{"line":44,"column":120},"end":{"line":62,"column":null}},"line":44},"2":{"name":"(anonymous_2)","decl":{"start":{"line":64,"column":2},"end":{"line":64,"column":32}},"loc":{"start":{"line":64,"column":143},"end":{"line":83,"column":null}},"line":64},"3":{"name":"(anonymous_3)","decl":{"start":{"line":85,"column":13},"end":{"line":85,"column":20}},"loc":{"start":{"line":85,"column":101},"end":{"line":103,"column":null}},"line":85}},"branchMap":{"0":{"loc":{"start":{"line":35,"column":15},"end":{"line":35,"column":null}},"type":"binary-expr","locations":[{"start":{"line":35,"column":15},"end":{"line":35,"column":24}},{"start":{"line":35,"column":24},"end":{"line":35,"column":null}}],"line":35},"1":{"loc":{"start":{"line":57,"column":4},"end":{"line":57,"column":null}},"type":"if","locations":[{"start":{"line":57,"column":4},"end":{"line":57,"column":null}},{"start":{},"end":{}}],"line":57},"2":{"loc":{"start":{"line":58,"column":4},"end":{"line":58,"column":null}},"type":"if","locations":[{"start":{"line":58,"column":4},"end":{"line":58,"column":null}},{"start":{},"end":{}}],"line":58},"3":{"loc":{"start":{"line":78,"column":4},"end":{"line":78,"column":null}},"type":"if","locations":[{"start":{"line":78,"column":4},"end":{"line":78,"column":null}},{"start":{},"end":{}}],"line":78},"4":{"loc":{"start":{"line":79,"column":4},"end":{"line":79,"column":null}},"type":"if","locations":[{"start":{"line":79,"column":4},"end":{"line":79,"column":null}},{"start":{},"end":{}}],"line":79},"5":{"loc":{"start":{"line":85,"column":30},"end":{"line":85,"column":49}},"type":"default-arg","locations":[{"start":{"line":85,"column":46},"end":{"line":85,"column":49}}],"line":85},"6":{"loc":{"start":{"line":89,"column":4},"end":{"line":100,"column":null}},"type":"if","locations":[{"start":{"line":89,"column":4},"end":{"line":100,"column":null}},{"start":{},"end":{}}],"line":89},"7":{"loc":{"start":{"line":99,"column":8},"end":{"line":99,"column":null}},"type":"if","locations":[{"start":{"line":99,"column":8},"end":{"line":99,"column":null}},{"start":{},"end":{}}],"line":99}},"s":{"0":1,"1":1,"2":1,"3":1,"4":2,"5":2,"6":1,"7":1,"8":1,"9":1,"10":1,"11":1,"12":1,"13":0,"14":1,"15":1,"16":1,"17":1,"18":1,"19":1,"20":1,"21":0,"22":1,"23":0,"24":1,"25":1,"26":3,"27":3,"28":3,"29":2,"30":2,"31":2,"32":1,"33":2},"f":{"0":2,"1":1,"2":1,"3":3},"b":{"0":[2,0],"1":[1,0],"2":[0,1],"3":[0,1],"4":[0,1],"5":[3],"6":[2,1],"7":[1,1]},"meta":{"lastBranch":8,"lastFunction":4,"lastStatement":34,"seen":{"s:5:41:5:Infinity":0,"s:6:43:6:Infinity":1,"s:7:48:7:Infinity":2,"s:30:15:106:Infinity":3,"f:31:15:31:22":0,"s:32:16:38:Infinity":4,"b:35:15:35:24:35:24:35:Infinity":0,"s:39:21:39:Infinity":5,"s:41:4:41:Infinity":6,"f:44:2:44:29":1,"s:45:25:45:Infinity":7,"s:55:17:55:Infinity":8,"s:56:4:56:Infinity":9,"b:57:4:57:Infinity:undefined:undefined:undefined:undefined":1,"s:57:4:57:Infinity":10,"s:57:20:57:Infinity":11,"b:58:4:58:Infinity:undefined:undefined:undefined:undefined":2,"s:58:4:58:Infinity":12,"s:58:33:58:Infinity":13,"s:59:4:59:Infinity":14,"s:61:4:61:Infinity":15,"f:64:2:64:32":2,"s:65:25:65:Infinity":16,"s:75:17:75:Infinity":17,"s:76:4:76:Infinity":18,"s:77:4:77:Infinity":19,"b:78:4:78:Infinity:undefined:undefined:undefined:undefined":3,"s:78:4:78:Infinity":20,"s:78:20:78:Infinity":21,"b:79:4:79:Infinity:undefined:undefined:undefined:undefined":4,"s:79:4:79:Infinity":22,"s:79:33:79:Infinity":23,"s:80:4:80:Infinity":24,"s:82:4:82:Infinity":25,"f:85:13:85:20":3,"b:85:46:85:49":5,"s:86:10:86:Infinity":26,"s:87:17:87:Infinity":27,"b:89:4:100:Infinity:undefined:undefined:undefined:undefined":6,"s:89:4:100:Infinity":28,"s:90:8:90:Infinity":29,"s:91:28:98:Infinity":30,"b:99:8:99:Infinity:undefined:undefined:undefined:undefined":7,"s:99:8:99:Infinity":31,"s:99:30:99:Infinity":32,"s:102:4:102:Infinity":33}}}
}
